2026-03-27 23:08:52,259 - asyncio - DEBUG - Using selector: EpollSelector
2026-03-27 23:08:52,315 - ghostclaw.core.adapters.registry - DEBUG - Loaded plugin coderabbit from entry point ghostclaw_plugin_coderabit.plugin:CustomAdapter
2026-03-27 23:08:52,316 - ghostclaw.core.adapters.registry - DEBUG - Loaded plugin bandit from entry point ghostclaw_plugin_bandit:BanditPlugin
2026-03-27 23:08:52,333 - ghostclaw.core.adapters.registry - DEBUG - Loaded plugin orchestrator from entry point ghost_orchestrator.plugin:OrchestratorPlugin
2026-03-27 23:08:52,333 - ghostclaw.core.adapters.registry - DEBUG - Loaded plugin logfire from entry point ghostclaw_plugin_logfire:LogfirePlugin
2026-03-27 23:08:52,334 - ghostclaw.agent - INFO - Phase 1: Starting Core Diagnostics...
2026-03-27 23:08:52,350 - ghostclaw.core.adapters.registry - DEBUG - Loaded plugin coderabbit from entry point ghostclaw_plugin_coderabit.plugin:CustomAdapter
2026-03-27 23:08:52,350 - ghostclaw.core.adapters.registry - DEBUG - Loaded plugin bandit from entry point ghostclaw_plugin_bandit:BanditPlugin
2026-03-27 23:08:52,350 - ghostclaw.core.adapters.registry - DEBUG - Loaded plugin orchestrator from entry point ghost_orchestrator.plugin:OrchestratorPlugin
2026-03-27 23:08:52,350 - ghostclaw.core.adapters.registry - DEBUG - Loaded plugin logfire from entry point ghostclaw_plugin_logfire:LogfirePlugin
2026-03-27 23:08:52,407 - ghostclaw.analyzer - DEBUG - Cache setup failed (likely not a git repo): git rev-parse HEAD failed: fatal: not a git repository (or any of the parent directories): .git
2026-03-27 23:08:52,409 - ghost_orchestrator.plugin - DEBUG - Orchestrator initialized with Ghostclaw config and registry
2026-03-27 23:08:52,409 - ghost_orchestrator.plugin - INFO - Orchestrator analysis requested for /tmp/test_logfire
2026-03-27 23:08:52,563 - ghostclaw.agent - INFO - Diagnostics complete. Analyzed 0 files.
2026-03-27 23:08:52,565 - aiosqlite - DEBUG - executing <function connect.<locals>.connector at 0x7219ab125a20>
2026-03-27 23:08:52,567 - aiosqlite - DEBUG - operation <function connect.<locals>.connector at 0x7219ab125a20> completed
2026-03-27 23:08:53,198 - asyncio - DEBUG - Using selector: EpollSelector
2026-03-27 23:08:53,932 - aiosqlite - DEBUG - executing <function connect.<locals>.connector at 0x7219ab125bd0>
2026-03-27 23:08:53,933 - aiosqlite - DEBUG - operation <function connect.<locals>.connector at 0x7219ab125bd0> completed
2026-03-27 23:08:53,990 - ghostclaw.vector_store.index - INFO - Created embeddings table
2026-03-27 23:08:53,992 - aiosqlite - DEBUG - executing functools.partial(<built-in method execute of sqlite3.Connection object at 0x7219b21b4940>, '\n                CREATE TABLE IF NOT EXISTS reports (\n                    id INTEGER PRIMARY KEY AUTOINCREMENT,\n                    timestamp TEXT DEFAULT CURRENT_TIMESTAMP,\n                    vibe_score INTEGER,\n                    stack TEXT,\n                    files_analyzed INTEGER,\n                    total_lines INTEGER,\n                    report_json TEXT,\n                    repo_path TEXT,\n                    vcs_commit TEXT,\n                    vcs_branch TEXT,\n                    vcs_dirty BOOLEAN\n                )\n            ', [])
2026-03-27 23:08:53,994 - aiosqlite - DEBUG - executing functools.partial(<built-in method execute of sqlite3.Connection object at 0x721945671140>, '\n                CREATE TABLE IF NOT EXISTS reports (\n                    id INTEGER PRIMARY KEY AUTOINCREMENT,\n                    timestamp TEXT NOT NULL,\n                    vibe_score INTEGER NOT NULL,\n                    stack TEXT NOT NULL,\n                    files_analyzed INTEGER,\n                    total_lines INTEGER,\n                    repo_path TEXT NOT NULL,\n                    vcs_commit TEXT,\n                    vcs_branch TEXT,\n                    vcs_dirty BOOLEAN,\n                    report_json TEXT NOT NULL\n                )\n            ', [])
2026-03-27 23:08:54,016 - aiosqlite - DEBUG - operation functools.partial(<built-in method execute of sqlite3.Connection object at 0x721945671140>, '\n                CREATE TABLE IF NOT EXISTS reports (\n                    id INTEGER PRIMARY KEY AUTOINCREMENT,\n                    timestamp TEXT NOT NULL,\n                    vibe_score INTEGER NOT NULL,\n                    stack TEXT NOT NULL,\n                    files_analyzed INTEGER,\n                    total_lines INTEGER,\n                    repo_path TEXT NOT NULL,\n                    vcs_commit TEXT,\n                    vcs_branch TEXT,\n                    vcs_dirty BOOLEAN,\n                    report_json TEXT NOT NULL\n                )\n            ', []) completed
2026-03-27 23:08:54,018 - aiosqlite - DEBUG - executing functools.partial(<built-in method execute of sqlite3.Connection object at 0x721945671140>, 'PRAGMA table_info(reports)', [])
2026-03-27 23:08:54,019 - aiosqlite - DEBUG - operation functools.partial(<built-in method execute of sqlite3.Connection object at 0x721945671140>, 'PRAGMA table_info(reports)', []) completed
2026-03-27 23:08:54,019 - aiosqlite - DEBUG - executing functools.partial(<built-in method fetchall of sqlite3.Cursor object at 0x721945541b40>)
2026-03-27 23:08:54,020 - aiosqlite - DEBUG - operation functools.partial(<built-in method fetchall of sqlite3.Cursor object at 0x721945541b40>) completed
2026-03-27 23:08:54,020 - aiosqlite - DEBUG - executing functools.partial(<built-in method close of sqlite3.Cursor object at 0x721945541b40>)
2026-03-27 23:08:54,021 - aiosqlite - DEBUG - operation functools.partial(<built-in method execute of sqlite3.Connection object at 0x7219b21b4940>, '\n                CREATE TABLE IF NOT EXISTS reports (\n                    id INTEGER PRIMARY KEY AUTOINCREMENT,\n                    timestamp TEXT DEFAULT CURRENT_TIMESTAMP,\n                    vibe_score INTEGER,\n                    stack TEXT,\n                    files_analyzed INTEGER,\n                    total_lines INTEGER,\n                    report_json TEXT,\n                    repo_path TEXT,\n                    vcs_commit TEXT,\n                    vcs_branch TEXT,\n                    vcs_dirty BOOLEAN\n                )\n            ', []) completed
2026-03-27 23:08:54,021 - aiosqlite - DEBUG - operation functools.partial(<built-in method close of sqlite3.Cursor object at 0x721945541b40>) completed
2026-03-27 23:08:54,021 - aiosqlite - DEBUG - executing functools.partial(<built-in method commit of sqlite3.Connection object at 0x7219b21b4940>)
2026-03-27 23:08:54,021 - aiosqlite - DEBUG - executing functools.partial(<built-in method commit of sqlite3.Connection object at 0x721945671140>)
2026-03-27 23:08:54,023 - aiosqlite - DEBUG - operation functools.partial(<built-in method commit of sqlite3.Connection object at 0x7219b21b4940>) completed
2026-03-27 23:08:54,023 - aiosqlite - DEBUG - operation functools.partial(<built-in method commit of sqlite3.Connection object at 0x721945671140>) completed
2026-03-27 23:08:54,023 - aiosqlite - DEBUG - executing functools.partial(<built-in method close of sqlite3.Connection object at 0x7219b21b4940>)
2026-03-27 23:08:54,024 - aiosqlite - DEBUG - operation functools.partial(<built-in method close of sqlite3.Connection object at 0x7219b21b4940>) completed
2026-03-27 23:08:54,023 - aiosqlite - DEBUG - executing functools.partial(<built-in method close of sqlite3.Connection object at 0x721945671140>)
2026-03-27 23:08:54,024 - aiosqlite - DEBUG - operation functools.partial(<built-in method close of sqlite3.Connection object at 0x721945671140>) completed
2026-03-27 23:08:54,024 - aiosqlite - DEBUG - executing <function Connection.stop.<locals>.close_and_stop at 0x72194555b2e0>
2026-03-27 23:08:54,026 - aiosqlite - DEBUG - executing <function Connection.stop.<locals>.close_and_stop at 0x72194555b400>
2026-03-27 23:08:54,026 - aiosqlite - DEBUG - operation <function Connection.stop.<locals>.close_and_stop at 0x72194555b400> completed
2026-03-27 23:08:54,026 - aiosqlite - DEBUG - operation <function Connection.stop.<locals>.close_and_stop at 0x72194555b2e0> completed
2026-03-27 23:08:54,026 - aiosqlite - DEBUG - executing <function connect.<locals>.connector at 0x7219ab125ab0>
2026-03-27 23:08:54,030 - aiosqlite - DEBUG - executing <function connect.<locals>.connector at 0x7219ab125c60>
2026-03-27 23:08:54,030 - aiosqlite - DEBUG - operation <function connect.<locals>.connector at 0x7219ab125ab0> completed
2026-03-27 23:08:54,031 - aiosqlite - DEBUG - operation <function connect.<locals>.connector at 0x7219ab125c60> completed
2026-03-27 23:08:54,031 - aiosqlite - DEBUG - executing functools.partial(<built-in method create_function of sqlite3.Connection object at 0x721945671140>, 'extract_searchable_text', 1, <function _extract_searchable_text_impl at 0x7219ab125e10>, deterministic=False)
2026-03-27 23:08:54,031 - aiosqlite - DEBUG - operation functools.partial(<built-in method create_function of sqlite3.Connection object at 0x721945671140>, 'extract_searchable_text', 1, <function _extract_searchable_text_impl at 0x7219ab125e10>, deterministic=False) completed
2026-03-27 23:08:54,031 - aiosqlite - DEBUG - executing functools.partial(<built-in method execute of sqlite3.Connection object at 0x7219b21b4940>, 'INSERT INTO reports (vibe_score, stack, files_analyzed, total_lines, repo_path, vcs_commit, vcs_branch, vcs_dirty, report_json) VALUES (?, ?, ?, ?, ?, ?, ?, ?, ?)', (100, 'unknown', 0, 0, '/tmp/test_logfire', '', '', False, '{"repo_path": "/tmp/test_logfire", "vibe_score": 100, "vibe_detailed": {"overall": 100, "complexity": 100, "coupling": 100, "cohesion": 100, "naming": 100, "layering": 100, "confidence": 1.0}, "stack": "unknown", "files_analyzed": 0, "total_lines": 0, "issues": ["Standard stack detection failed.", "Empty codebase detected \\u2014 no files found for analysis"], "architectural_ghosts": ["[empty_codebase] Empty codebase detected \\u2014 no files found for analysis"], "red_flags": [], "coupling_metrics": {}, "errors": ["Plugin \'orchestrator\': TypeError: OrchestratorConfig.__init__() got an unexpected keyword argument \'enabled\'"], "ai_prompt": null, "ai_synthesis": null, "ai_reasoning": null, "metadata": {"timestamp": "2026-03-27T16:08:52.409664Z", "analyzer": "ghostclaw-async", "version": "0.2.4a0", "adapters_active": ["logfire", "orchestrator", "bandit", "coderabbit", "lizard", "json_target", "qmd", "sqlite", "ai-codeindex", "pyscn"], "pyscn_integrated": true, "ai_codeindex_integrated": true, "vcs": {"commit": "", "branch": "", "dirty": false}}}'))
2026-03-27 23:08:54,031 - aiosqlite - DEBUG - executing functools.partial(<built-in method execute of sqlite3.Connection object at 0x721945671140>, "SELECT name FROM sqlite_master WHERE type='table' AND name='reports_fts'", [])
2026-03-27 23:08:54,031 - aiosqlite - DEBUG - operation functools.partial(<built-in method execute of sqlite3.Connection object at 0x7219b21b4940>, 'INSERT INTO reports (vibe_score, stack, files_analyzed, total_lines, repo_path, vcs_commit, vcs_branch, vcs_dirty, report_json) VALUES (?, ?, ?, ?, ?, ?, ?, ?, ?)', (100, 'unknown', 0, 0, '/tmp/test_logfire', '', '', False, '{"repo_path": "/tmp/test_logfire", "vibe_score": 100, "vibe_detailed": {"overall": 100, "complexity": 100, "coupling": 100, "cohesion": 100, "naming": 100, "layering": 100, "confidence": 1.0}, "stack": "unknown", "files_analyzed": 0, "total_lines": 0, "issues": ["Standard stack detection failed.", "Empty codebase detected \\u2014 no files found for analysis"], "architectural_ghosts": ["[empty_codebase] Empty codebase detected \\u2014 no files found for analysis"], "red_flags": [], "coupling_metrics": {}, "errors": ["Plugin \'orchestrator\': TypeError: OrchestratorConfig.__init__() got an unexpected keyword argument \'enabled\'"], "ai_prompt": null, "ai_synthesis": null, "ai_reasoning": null, "metadata": {"timestamp": "2026-03-27T16:08:52.409664Z", "analyzer": "ghostclaw-async", "version": "0.2.4a0", "adapters_active": ["logfire", "orchestrator", "bandit", "coderabbit", "lizard", "json_target", "qmd", "sqlite", "ai-codeindex", "pyscn"], "pyscn_integrated": true, "ai_codeindex_integrated": true, "vcs": {"commit": "", "branch": "", "dirty": false}}}')) completed
2026-03-27 23:08:54,032 - aiosqlite - DEBUG - executing functools.partial(<built-in method commit of sqlite3.Connection object at 0x7219b21b4940>)
2026-03-27 23:08:54,032 - aiosqlite - DEBUG - operation functools.partial(<built-in method execute of sqlite3.Connection object at 0x721945671140>, "SELECT name FROM sqlite_master WHERE type='table' AND name='reports_fts'", []) completed
2026-03-27 23:08:54,032 - aiosqlite - DEBUG - executing functools.partial(<built-in method fetchone of sqlite3.Cursor object at 0x7219b21c3240>)
2026-03-27 23:08:54,032 - aiosqlite - DEBUG - operation functools.partial(<built-in method fetchone of sqlite3.Cursor object at 0x7219b21c3240>) completed
2026-03-27 23:08:54,032 - aiosqlite - DEBUG - executing functools.partial(<built-in method close of sqlite3.Cursor object at 0x7219b21c3240>)
2026-03-27 23:08:54,032 - aiosqlite - DEBUG - operation functools.partial(<built-in method close of sqlite3.Cursor object at 0x7219b21c3240>) completed
2026-03-27 23:08:54,032 - aiosqlite - DEBUG - executing functools.partial(<built-in method execute of sqlite3.Connection object at 0x721945671140>, "\n                    CREATE VIRTUAL TABLE IF NOT EXISTS reports_fts\n                    USING fts5(\n                        report_id UNINDEXED,\n                        content,\n                        tokenize = 'porter'\n                    )\n                ", [])
2026-03-27 23:08:54,040 - aiosqlite - DEBUG - operation functools.partial(<built-in method commit of sqlite3.Connection object at 0x7219b21b4940>) completed
2026-03-27 23:08:54,040 - aiosqlite - DEBUG - executing functools.partial(<built-in method close of sqlite3.Connection object at 0x7219b21b4940>)
2026-03-27 23:08:54,040 - aiosqlite - DEBUG - operation functools.partial(<built-in method close of sqlite3.Connection object at 0x7219b21b4940>) completed
2026-03-27 23:08:54,040 - aiosqlite - DEBUG - executing <function Connection.stop.<locals>.close_and_stop at 0x72194555b2e0>
2026-03-27 23:08:54,040 - aiosqlite - DEBUG - operation <function Connection.stop.<locals>.close_and_stop at 0x72194555b2e0> completed
2026-03-27 23:08:54,041 - aiosqlite - DEBUG - operation functools.partial(<built-in method execute of sqlite3.Connection object at 0x721945671140>, "\n                    CREATE VIRTUAL TABLE IF NOT EXISTS reports_fts\n                    USING fts5(\n                        report_id UNINDEXED,\n                        content,\n                        tokenize = 'porter'\n                    )\n                ", []) completed
2026-03-27 23:08:54,041 - aiosqlite - DEBUG - executing functools.partial(<built-in method execute of sqlite3.Connection object at 0x721945671140>, '\n                    INSERT INTO reports_fts(report_id, content)\n                    SELECT id, extract_searchable_text(report_json)\n                    FROM reports\n                ', [])
2026-03-27 23:08:54,041 - aiosqlite - DEBUG - operation functools.partial(<built-in method execute of sqlite3.Connection object at 0x721945671140>, '\n                    INSERT INTO reports_fts(report_id, content)\n                    SELECT id, extract_searchable_text(report_json)\n                    FROM reports\n                ', []) completed
2026-03-27 23:08:54,041 - aiosqlite - DEBUG - executing functools.partial(<built-in method executescript of sqlite3.Connection object at 0x721945671140>, '\n                    CREATE TRIGGER reports_ai AFTER INSERT ON reports BEGIN\n                        INSERT INTO reports_fts(report_id, content)\n                        VALUES (new.id, extract_searchable_text(new.report_json));\n                    END;\n                    CREATE TRIGGER reports_ad AFTER DELETE ON reports BEGIN\n                        DELETE FROM reports_fts WHERE report_id = old.id;\n                    END;\n                    CREATE TRIGGER reports_au AFTER UPDATE ON reports BEGIN\n                        UPDATE reports_fts SET content = extract_searchable_text(new.report_json)\n                        WHERE report_id = new.id;\n                    END;\n                ')
2026-03-27 23:08:54,069 - ghostclaw.qmd.fts - INFO - Created FTS5 table and triggers
2026-03-27 23:08:54,070 - aiosqlite - DEBUG - operation functools.partial(<built-in method executescript of sqlite3.Connection object at 0x721945671140>, '\n                    CREATE TRIGGER reports_ai AFTER INSERT ON reports BEGIN\n                        INSERT INTO reports_fts(report_id, content)\n                        VALUES (new.id, extract_searchable_text(new.report_json));\n                    END;\n                    CREATE TRIGGER reports_ad AFTER DELETE ON reports BEGIN\n                        DELETE FROM reports_fts WHERE report_id = old.id;\n                    END;\n                    CREATE TRIGGER reports_au AFTER UPDATE ON reports BEGIN\n                        UPDATE reports_fts SET content = extract_searchable_text(new.report_json)\n                        WHERE report_id = new.id;\n                    END;\n                ') completed
2026-03-27 23:08:54,070 - aiosqlite - DEBUG - executing functools.partial(<built-in method close of sqlite3.Connection object at 0x721945671140>)
2026-03-27 23:08:54,070 - aiosqlite - DEBUG - operation functools.partial(<built-in method close of sqlite3.Connection object at 0x721945671140>) completed
2026-03-27 23:08:54,070 - aiosqlite - DEBUG - executing <function Connection.stop.<locals>.close_and_stop at 0x7219ab125a20>
2026-03-27 23:08:54,070 - aiosqlite - DEBUG - executing <function connect.<locals>.connector at 0x7219ab125ab0>
2026-03-27 23:08:54,070 - aiosqlite - DEBUG - operation <function connect.<locals>.connector at 0x7219ab125ab0> completed
2026-03-27 23:08:54,074 - aiosqlite - DEBUG - operation <function Connection.stop.<locals>.close_and_stop at 0x7219ab125a20> completed
2026-03-27 23:08:54,074 - aiosqlite - DEBUG - executing functools.partial(<built-in method create_function of sqlite3.Connection object at 0x7219b21b5a40>, 'extract_searchable_text', 1, <function _extract_searchable_text_impl at 0x7219ab125e10>, deterministic=False)
2026-03-27 23:08:54,074 - aiosqlite - DEBUG - operation functools.partial(<built-in method create_function of sqlite3.Connection object at 0x7219b21b5a40>, 'extract_searchable_text', 1, <function _extract_searchable_text_impl at 0x7219ab125e10>, deterministic=False) completed
2026-03-27 23:08:54,075 - aiosqlite - DEBUG - executing functools.partial(<built-in method execute of sqlite3.Connection object at 0x7219b21b5a40>, 'INSERT INTO reports (timestamp, vibe_score, stack, files_analyzed, total_lines, repo_path, vcs_commit, vcs_branch, vcs_dirty, report_json) VALUES (?, ?, ?, ?, ?, ?, ?, ?, ?, ?)', ('2026-03-27T16:08:52.409664Z', 100, 'unknown', 0, 0, '/home/ev3lynx/dev/ghostclaw-plugins', '', '', False, '{"repo_path": "/tmp/test_logfire", "vibe_score": 100, "vibe_detailed": {"overall": 100, "complexity": 100, "coupling": 100, "cohesion": 100, "naming": 100, "layering": 100, "confidence": 1.0}, "stack": "unknown", "files_analyzed": 0, "total_lines": 0, "issues": ["Standard stack detection failed.", "Empty codebase detected \\u2014 no files found for analysis"], "architectural_ghosts": ["[empty_codebase] Empty codebase detected \\u2014 no files found for analysis"], "red_flags": [], "coupling_metrics": {}, "errors": ["Plugin \'orchestrator\': TypeError: OrchestratorConfig.__init__() got an unexpected keyword argument \'enabled\'"], "ai_prompt": null, "ai_synthesis": null, "ai_reasoning": null, "metadata": {"timestamp": "2026-03-27T16:08:52.409664Z", "analyzer": "ghostclaw-async", "version": "0.2.4a0", "adapters_active": ["logfire", "orchestrator", "bandit", "coderabbit", "lizard", "json_target", "qmd", "sqlite", "ai-codeindex", "pyscn"], "pyscn_integrated": true, "ai_codeindex_integrated": true, "vcs": {"commit": "", "branch": "", "dirty": false}}}'))
2026-03-27 23:08:54,075 - aiosqlite - DEBUG - operation functools.partial(<built-in method execute of sqlite3.Connection object at 0x7219b21b5a40>, 'INSERT INTO reports (timestamp, vibe_score, stack, files_analyzed, total_lines, repo_path, vcs_commit, vcs_branch, vcs_dirty, report_json) VALUES (?, ?, ?, ?, ?, ?, ?, ?, ?, ?)', ('2026-03-27T16:08:52.409664Z', 100, 'unknown', 0, 0, '/home/ev3lynx/dev/ghostclaw-plugins', '', '', False, '{"repo_path": "/tmp/test_logfire", "vibe_score": 100, "vibe_detailed": {"overall": 100, "complexity": 100, "coupling": 100, "cohesion": 100, "naming": 100, "layering": 100, "confidence": 1.0}, "stack": "unknown", "files_analyzed": 0, "total_lines": 0, "issues": ["Standard stack detection failed.", "Empty codebase detected \\u2014 no files found for analysis"], "architectural_ghosts": ["[empty_codebase] Empty codebase detected \\u2014 no files found for analysis"], "red_flags": [], "coupling_metrics": {}, "errors": ["Plugin \'orchestrator\': TypeError: OrchestratorConfig.__init__() got an unexpected keyword argument \'enabled\'"], "ai_prompt": null, "ai_synthesis": null, "ai_reasoning": null, "metadata": {"timestamp": "2026-03-27T16:08:52.409664Z", "analyzer": "ghostclaw-async", "version": "0.2.4a0", "adapters_active": ["logfire", "orchestrator", "bandit", "coderabbit", "lizard", "json_target", "qmd", "sqlite", "ai-codeindex", "pyscn"], "pyscn_integrated": true, "ai_codeindex_integrated": true, "vcs": {"commit": "", "branch": "", "dirty": false}}}')) completed
2026-03-27 23:08:54,076 - aiosqlite - DEBUG - executing functools.partial(<built-in method commit of sqlite3.Connection object at 0x7219b21b5a40>)
2026-03-27 23:08:54,087 - aiosqlite - DEBUG - operation functools.partial(<built-in method commit of sqlite3.Connection object at 0x7219b21b5a40>) completed
2026-03-27 23:08:54,087 - aiosqlite - DEBUG - executing functools.partial(<built-in method close of sqlite3.Cursor object at 0x721945541bc0>)
2026-03-27 23:08:54,088 - aiosqlite - DEBUG - operation functools.partial(<built-in method close of sqlite3.Cursor object at 0x721945541bc0>) completed
2026-03-27 23:08:54,795 - ghostclaw.vector_store - INFO - Added 3 chunks for report_id=1
2026-03-27 23:08:54,796 - ghostclaw.qmd.indexer - DEBUG - Stored 3 embeddings for run_id=1
2026-03-27 23:08:54,796 - aiosqlite - DEBUG - executing functools.partial(<built-in method close of sqlite3.Connection object at 0x7219b21b5a40>)
2026-03-27 23:08:54,796 - aiosqlite - DEBUG - operation functools.partial(<built-in method close of sqlite3.Connection object at 0x7219b21b5a40>) completed
2026-03-27 23:08:54,796 - aiosqlite - DEBUG - executing <function Connection.stop.<locals>.close_and_stop at 0x7219ab125bd0>
2026-03-27 23:08:54,798 - aiosqlite - DEBUG - operation <function Connection.stop.<locals>.close_and_stop at 0x7219ab125bd0> completed
